<?xml version="1.0" encoding="UTF-8"?>
<beans xmlns="http://www.springframework.org/schema/beans"
       xmlns:xsi="http://www.w3.org/2001/XMLSchema-instance"
       xsi:schemaLocation="http://www.springframework.org/schema/beans http://www.springframework.org/schema/beans/spring-beans.xsd">
    <bean id="dataSource" class="org.springframework.jdbc.datasource.SimpleDriverDataSource">
        <property name="driverClass" value="com.mysql.cj.jdbc.Driver"/>
        <property name="url" value="jdbc:mysql://localhost/testdb?serverTimezone=UTC"/>
        <property name="username" value="root"/>
        <property name="password" value="test1234"/>
    </bean>
    <bean id="userDao" class="springbook.user.dao.UserDaoJdbc">
        <property name="dataSource" ref="dataSource"/>
    </bean>
    <bean id="userService" class="springbook.user.service.UserServiceImpl">
        <property name="userDao" ref="userDao"/>
        <property name="mailSender" ref="mailSender"/>
    </bean>
    <bean id="transactionManager" class="org.springframework.jdbc.datasource.DataSourceTransactionManager">
        <property name="dataSource" ref="dataSource"/>
    </bean>
    <bean id="mailSender" class="springbook.user.service.DummyMailSender"/>
    <bean id="message"
          class="springbook.learningtest.spring.factorybean.MessageFactoryBean">
        <property name="text" value="Factory Bean"/>
    </bean>
<!--    어드바이스-->
    <bean id="transactionAdvice" class="springbook.user.service.TransactionAdvice">
        <property name="transactionManager" ref="transactionManager"></property>
    </bean>
<!--    포인트컷-->
    <bean id="transactionPointcut" class="springbook.user.service.NameMatchClassMethodPointcut">
        <property name="mappedClassName" value="*ServiceImpl"/>
        <property name="mappedName" value="upgrade*"/>
    </bean>
<!--    어드바이저-->
    <bean id="transactionAdvisor" class="org.springframework.aop.support.DefaultBeanFactoryPointcutAdvisor">
        <property name="advice" ref="transactionAdvice"/>
        <property name="pointcut" ref="transactionPointcut"/>
    </bean>
<!--&lt;!&ndash;    프록시팩토리빈&ndash;&gt;-->
<!--    <bean id="userService" class="org.springframework.aop.framework.ProxyFactoryBean">-->
<!--        <property name="target" ref="userServiceImpl" />-->
<!--        <property name="interceptorNames">-->
<!--            <list>-->
<!--                <value>transactionAdvisor</value>-->
<!--            </list>-->
<!--        </property>-->
<!--    </bean>-->
<!--    DefaultAdvisorAutoProxyCreator 등록-->
    <bean class="org.springframework.aop.framework.autoproxy.DefaultAdvisorAutoProxyCreator"/>
<!--    테스트용-->
    <bean id="testUserService" class="springbook.user.service.UserServiceTest$TestUserServiceImpl"
          parent="userService"/>
</beans>